{"/home/travis/build/npmtest/node-npmtest-express-partials/test.js":{"path":"/home/travis/build/npmtest/node-npmtest-express-partials/test.js","s":{"1":2,"2":2,"3":2,"4":2,"5":2,"6":2,"7":2,"8":1,"9":2,"10":2,"11":1,"12":1,"13":1,"14":1,"15":2,"16":2,"17":2,"18":2,"19":1,"20":1,"21":2,"22":2,"23":2,"24":1,"25":1,"26":1,"27":1,"28":1,"29":1,"30":1,"31":1,"32":1,"33":1,"34":1,"35":1,"36":1,"37":1,"38":1,"39":2,"40":2,"41":1,"42":2,"43":2,"44":1,"45":2,"46":2,"47":1,"48":2,"49":2,"50":1,"51":1,"52":1,"53":1,"54":1},"b":{"1":[2,1,1,1],"2":[1,1,1,1],"3":[1,1],"4":[1,1],"5":[1,1],"6":[1,1],"7":[1,1],"8":[1,1],"9":[1,1],"10":[1,1,1],"11":[1,1],"12":[1,1],"13":[1,1],"14":[1,1],"15":[1,1],"16":[1,1],"17":[1,1]},"f":{"1":2,"2":2,"3":2,"4":2,"5":2,"6":1,"7":1,"8":1,"9":2,"10":2,"11":2,"12":2,"13":1},"fnMap":{"1":{"name":"(anonymous_1)","line":12,"loc":{"start":{"line":12,"column":1},"end":{"line":12,"column":13}}},"2":{"name":"(anonymous_2)","line":19,"loc":{"start":{"line":19,"column":5},"end":{"line":19,"column":17}}},"3":{"name":"(anonymous_3)","line":23,"loc":{"start":{"line":23,"column":24},"end":{"line":23,"column":36}}},"4":{"name":"(anonymous_4)","line":61,"loc":{"start":{"line":61,"column":5},"end":{"line":61,"column":17}}},"5":{"name":"(anonymous_5)","line":82,"loc":{"start":{"line":82,"column":5},"end":{"line":82,"column":17}}},"6":{"name":"(anonymous_6)","line":91,"loc":{"start":{"line":91,"column":77},"end":{"line":94,"column":10}}},"7":{"name":"(anonymous_7)","line":112,"loc":{"start":{"line":112,"column":83},"end":{"line":115,"column":10}},"skip":true},"8":{"name":"(anonymous_8)","line":123,"loc":{"start":{"line":123,"column":77},"end":{"line":126,"column":10}},"skip":true},"9":{"name":"(anonymous_9)","line":139,"loc":{"start":{"line":139,"column":12},"end":{"line":139,"column":40}},"skip":true},"10":{"name":"(anonymous_10)","line":147,"loc":{"start":{"line":147,"column":77},"end":{"line":150,"column":10}},"skip":true},"11":{"name":"(anonymous_11)","line":158,"loc":{"start":{"line":158,"column":83},"end":{"line":161,"column":10}},"skip":true},"12":{"name":"(anonymous_12)","line":169,"loc":{"start":{"line":169,"column":79},"end":{"line":172,"column":10}},"skip":true},"13":{"name":"(anonymous_13)","line":180,"loc":{"start":{"line":180,"column":75},"end":{"line":183,"column":10}},"skip":true}},"statementMap":{"1":{"start":{"line":12,"column":0},"end":{"line":195,"column":5}},"2":{"start":{"line":14,"column":4},"end":{"line":14,"column":14}},"3":{"start":{"line":19,"column":4},"end":{"line":56,"column":9}},"4":{"start":{"line":21,"column":8},"end":{"line":21,"column":19}},"5":{"start":{"line":23,"column":8},"end":{"line":35,"column":13}},"6":{"start":{"line":24,"column":12},"end":{"line":34,"column":13}},"7":{"start":{"line":25,"column":16},"end":{"line":28,"column":30}},"8":{"start":{"line":30,"column":16},"end":{"line":33,"column":27}},"9":{"start":{"line":37,"column":8},"end":{"line":39,"column":21}},"10":{"start":{"line":40,"column":8},"end":{"line":53,"column":9}},"11":{"start":{"line":43,"column":12},"end":{"line":46,"column":14}},"12":{"start":{"line":47,"column":12},"end":{"line":47,"column":18}},"13":{"start":{"line":50,"column":12},"end":{"line":51,"column":33}},"14":{"start":{"line":52,"column":12},"end":{"line":52,"column":18}},"15":{"start":{"line":55,"column":8},"end":{"line":55,"column":35}},"16":{"start":{"line":61,"column":4},"end":{"line":63,"column":9}},"17":{"start":{"line":62,"column":8},"end":{"line":62,"column":15}},"18":{"start":{"line":64,"column":4},"end":{"line":77,"column":5}},"19":{"start":{"line":70,"column":8},"end":{"line":70,"column":14}},"20":{"start":{"line":76,"column":8},"end":{"line":76,"column":14}},"21":{"start":{"line":82,"column":4},"end":{"line":84,"column":9}},"22":{"start":{"line":83,"column":8},"end":{"line":83,"column":15}},"23":{"start":{"line":85,"column":4},"end":{"line":194,"column":5}},"24":{"start":{"line":91,"column":8},"end":{"line":99,"column":10}},"25":{"start":{"line":98,"column":12},"end":{"line":98,"column":35}},"26":{"start":{"line":102,"column":8},"end":{"line":104,"column":63}},"27":{"start":{"line":105,"column":8},"end":{"line":105,"column":14}},"28":{"start":{"line":112,"column":8},"end":{"line":121,"column":10},"skip":true},"29":{"start":{"line":119,"column":12},"end":{"line":119,"column":55},"skip":true},"30":{"start":{"line":120,"column":12},"end":{"line":120,"column":48},"skip":true},"31":{"start":{"line":123,"column":8},"end":{"line":136,"column":10},"skip":true},"32":{"start":{"line":130,"column":12},"end":{"line":130,"column":76},"skip":true},"33":{"start":{"line":131,"column":12},"end":{"line":131,"column":73},"skip":true},"34":{"start":{"line":132,"column":12},"end":{"line":132,"column":74},"skip":true},"35":{"start":{"line":133,"column":12},"end":{"line":133,"column":79},"skip":true},"36":{"start":{"line":134,"column":12},"end":{"line":134,"column":25},"skip":true},"37":{"start":{"line":135,"column":12},"end":{"line":135,"column":45},"skip":true},"38":{"start":{"line":138,"column":8},"end":{"line":145,"column":14},"skip":true},"39":{"start":{"line":143,"column":16},"end":{"line":143,"column":29},"skip":true},"40":{"start":{"line":144,"column":16},"end":{"line":144,"column":55},"skip":true},"41":{"start":{"line":147,"column":8},"end":{"line":156,"column":10},"skip":true},"42":{"start":{"line":154,"column":12},"end":{"line":154,"column":25},"skip":true},"43":{"start":{"line":155,"column":12},"end":{"line":155,"column":45},"skip":true},"44":{"start":{"line":158,"column":8},"end":{"line":167,"column":10},"skip":true},"45":{"start":{"line":165,"column":12},"end":{"line":165,"column":25},"skip":true},"46":{"start":{"line":166,"column":12},"end":{"line":166,"column":48},"skip":true},"47":{"start":{"line":169,"column":8},"end":{"line":178,"column":10},"skip":true},"48":{"start":{"line":176,"column":12},"end":{"line":176,"column":25},"skip":true},"49":{"start":{"line":177,"column":12},"end":{"line":177,"column":46},"skip":true},"50":{"start":{"line":180,"column":8},"end":{"line":189,"column":10},"skip":true},"51":{"start":{"line":187,"column":12},"end":{"line":187,"column":94},"skip":true},"52":{"start":{"line":188,"column":12},"end":{"line":188,"column":48},"skip":true},"53":{"start":{"line":192,"column":8},"end":{"line":192,"column":35},"skip":true},"54":{"start":{"line":193,"column":8},"end":{"line":193,"column":14},"skip":true}},"branchMap":{"1":{"line":25,"type":"binary-expr","locations":[{"start":{"line":25,"column":23},"end":{"line":25,"column":62}},{"start":{"line":26,"column":20},"end":{"line":26,"column":70}},{"start":{"line":27,"column":20},"end":{"line":27,"column":71}},{"start":{"line":28,"column":20},"end":{"line":28,"column":29}}]},"2":{"line":30,"type":"binary-expr","locations":[{"start":{"line":30,"column":23},"end":{"line":30,"column":37}},{"start":{"line":31,"column":20},"end":{"line":31,"column":61}},{"start":{"line":32,"column":20},"end":{"line":32,"column":70}},{"start":{"line":33,"column":20},"end":{"line":33,"column":26}}]},"3":{"line":37,"type":"cond-expr","locations":[{"start":{"line":38,"column":14},"end":{"line":38,"column":20}},{"start":{"line":39,"column":14},"end":{"line":39,"column":20}}]},"4":{"line":40,"type":"switch","locations":[{"start":{"line":42,"column":8},"end":{"line":47,"column":18}},{"start":{"line":49,"column":8},"end":{"line":52,"column":18}}]},"5":{"line":44,"type":"binary-expr","locations":[{"start":{"line":44,"column":16},"end":{"line":44,"column":44}},{"start":{"line":44,"column":48},"end":{"line":44,"column":66}}]},"6":{"line":50,"type":"binary-expr","locations":[{"start":{"line":50,"column":21},"end":{"line":50,"column":49}},{"start":{"line":50,"column":53},"end":{"line":50,"column":72}}]},"7":{"line":64,"type":"switch","locations":[{"start":{"line":69,"column":4},"end":{"line":70,"column":14}},{"start":{"line":75,"column":4},"end":{"line":76,"column":14}}]},"8":{"line":85,"type":"switch","locations":[{"start":{"line":90,"column":4},"end":{"line":105,"column":14}},{"start":{"line":111,"column":4},"end":{"line":193,"column":14},"skip":true}]},"9":{"line":91,"type":"binary-expr","locations":[{"start":{"line":91,"column":42},"end":{"line":91,"column":73}},{"start":{"line":91,"column":77},"end":{"line":99,"column":9}}]},"10":{"line":102,"type":"binary-expr","locations":[{"start":{"line":102,"column":18},"end":{"line":102,"column":32}},{"start":{"line":103,"column":12},"end":{"line":103,"column":53}},{"start":{"line":104,"column":12},"end":{"line":104,"column":61}}]},"11":{"line":112,"type":"binary-expr","locations":[{"start":{"line":112,"column":45},"end":{"line":112,"column":79},"skip":true},{"start":{"line":112,"column":83},"end":{"line":121,"column":9},"skip":true}]},"12":{"line":123,"type":"binary-expr","locations":[{"start":{"line":123,"column":42},"end":{"line":123,"column":73},"skip":true},{"start":{"line":123,"column":77},"end":{"line":136,"column":9},"skip":true}]},"13":{"line":138,"type":"binary-expr","locations":[{"start":{"line":138,"column":48},"end":{"line":138,"column":85},"skip":true},{"start":{"line":139,"column":12},"end":{"line":145,"column":13},"skip":true}]},"14":{"line":147,"type":"binary-expr","locations":[{"start":{"line":147,"column":42},"end":{"line":147,"column":73},"skip":true},{"start":{"line":147,"column":77},"end":{"line":156,"column":9},"skip":true}]},"15":{"line":158,"type":"binary-expr","locations":[{"start":{"line":158,"column":45},"end":{"line":158,"column":79},"skip":true},{"start":{"line":158,"column":83},"end":{"line":167,"column":9},"skip":true}]},"16":{"line":169,"type":"binary-expr","locations":[{"start":{"line":169,"column":43},"end":{"line":169,"column":75},"skip":true},{"start":{"line":169,"column":79},"end":{"line":178,"column":9},"skip":true}]},"17":{"line":180,"type":"binary-expr","locations":[{"start":{"line":180,"column":41},"end":{"line":180,"column":71},"skip":true},{"start":{"line":180,"column":75},"end":{"line":189,"column":9},"skip":true}]}},"code":["/* istanbul instrument in package npmtest_express_partials */","/*jslint","    bitwise: true,","    browser: true,","    maxerr: 8,","    maxlen: 96,","    node: true,","    nomen: true,","    regexp: true,","    stupid: true","*/","(function () {","    'use strict';","    var local;","","","","    // run shared js-env code - pre-init","    (function () {","        // init local","        local = {};","        // init modeJs","        local.modeJs = (function () {","            try {","                return typeof navigator.userAgent === 'string' &&","                    typeof document.querySelector('body') === 'object' &&","                    typeof XMLHttpRequest.prototype.open === 'function' &&","                    'browser';","            } catch (errorCaughtBrowser) {","                return module.exports &&","                    typeof process.versions.node === 'string' &&","                    typeof require('http').createServer === 'function' &&","                    'node';","            }","        }());","        // init global","        local.global = local.modeJs === 'browser'","            ? window","            : global;","        switch (local.modeJs) {","        // re-init local from window.local","        case 'browser':","            local = local.global.utility2.objectSetDefault(","                local.global.utility2_rollup || local.global.local,","                local.global.utility2","            );","            break;","        // re-init local from example.js","        case 'node':","            local = (local.global.utility2_rollup || require('utility2'))","                .requireReadme();","            break;","        }","        // export local","        local.global.local = local;","    }());","","","","    // run shared js-env code - function","    (function () {","        return;","    }());","    switch (local.modeJs) {","","","","    // run browser js-env code - function","    case 'browser':","        break;","","","","    // run node js-env code - function","    case 'node':","        break;","    }","","","","    // run shared js-env code - post-init","    (function () {","        return;","    }());","    switch (local.modeJs) {","","","","    // run browser js-env code - post-init","    case 'browser':","        local.testCase_browser_nullCase = local.testCase_browser_nullCase || function (","            options,","            onError","        ) {","        /*","         * this function will test browsers's null-case handling-behavior-behavior","         */","            onError(null, options);","        };","","        // run tests","        local.nop(local.modeTest &&","            document.querySelector('#testRunButton1') &&","            document.querySelector('#testRunButton1').click());","        break;","","","","    // run node js-env code - post-init","    /* istanbul ignore next */","    case 'node':","        local.testCase_buildApidoc_default = local.testCase_buildApidoc_default || function (","            options,","            onError","        ) {","        /*","         * this function will test buildApidoc's default handling-behavior-behavior","         */","            options = { modulePathList: module.paths };","            local.buildApidoc(options, onError);","        };","","        local.testCase_buildApp_default = local.testCase_buildApp_default || function (","            options,","            onError","        ) {","        /*","         * this function will test buildApp's default handling-behavior-behavior","         */","            local.testCase_buildReadme_default(options, local.onErrorThrow);","            local.testCase_buildLib_default(options, local.onErrorThrow);","            local.testCase_buildTest_default(options, local.onErrorThrow);","            local.testCase_buildCustomOrg_default(options, local.onErrorThrow);","            options = [];","            local.buildApp(options, onError);","        };","","        local.testCase_buildCustomOrg_default = local.testCase_buildCustomOrg_default ||","            function (options, onError) {","            /*","             * this function will test buildCustomOrg's default handling-behavior","             */","                options = {};","                local.buildCustomOrg(options, onError);","            };","","        local.testCase_buildLib_default = local.testCase_buildLib_default || function (","            options,","            onError","        ) {","        /*","         * this function will test buildLib's default handling-behavior","         */","            options = {};","            local.buildLib(options, onError);","        };","","        local.testCase_buildReadme_default = local.testCase_buildReadme_default || function (","            options,","            onError","        ) {","        /*","         * this function will test buildReadme's default handling-behavior-behavior","         */","            options = {};","            local.buildReadme(options, onError);","        };","","        local.testCase_buildTest_default = local.testCase_buildTest_default || function (","            options,","            onError","        ) {","        /*","         * this function will test buildTest's default handling-behavior","         */","            options = {};","            local.buildTest(options, onError);","        };","","        local.testCase_webpage_default = local.testCase_webpage_default || function (","            options,","            onError","        ) {","        /*","         * this function will test webpage's default handling-behavior","         */","            options = { modeCoverageMerge: true, url: local.serverLocalHost + '?modeTest=1' };","            local.browserTest(options, onError);","        };","","        // run test-server","        local.testRunServer(local);","        break;","    }","}());",""],"l":{"12":2,"14":2,"19":2,"21":2,"23":2,"24":2,"25":2,"30":1,"37":2,"40":2,"43":1,"47":1,"50":1,"52":1,"55":2,"61":2,"62":2,"64":2,"70":1,"76":1,"82":2,"83":2,"85":2,"91":1,"98":1,"102":1,"105":1,"112":1,"119":1,"120":1,"123":1,"130":1,"131":1,"132":1,"133":1,"134":1,"135":1,"138":1,"143":2,"144":2,"147":1,"154":2,"155":2,"158":1,"165":2,"166":2,"169":1,"176":2,"177":2,"180":1,"187":1,"188":1,"192":1,"193":1}},"/home/travis/build/npmtest/node-npmtest-express-partials/lib.npmtest_express_partials.js":{"path":"/home/travis/build/npmtest/node-npmtest-express-partials/lib.npmtest_express_partials.js","s":{"1":2,"2":2,"3":2,"4":2,"5":2,"6":2,"7":2,"8":1,"9":2,"10":2,"11":2,"12":2,"13":1,"14":1,"15":1,"16":1},"b":{"1":[2,1,1,1],"2":[1,1,1,1],"3":[1,1],"4":[2,2],"5":[1,1]},"f":{"1":2,"2":2,"3":2},"fnMap":{"1":{"name":"(anonymous_1)","line":12,"loc":{"start":{"line":12,"column":1},"end":{"line":12,"column":13}}},"2":{"name":"(anonymous_2)","line":19,"loc":{"start":{"line":19,"column":5},"end":{"line":19,"column":17}}},"3":{"name":"(anonymous_3)","line":23,"loc":{"start":{"line":23,"column":24},"end":{"line":23,"column":36}}}},"statementMap":{"1":{"start":{"line":12,"column":0},"end":{"line":53,"column":5}},"2":{"start":{"line":14,"column":4},"end":{"line":14,"column":14}},"3":{"start":{"line":19,"column":4},"end":{"line":52,"column":9}},"4":{"start":{"line":21,"column":8},"end":{"line":21,"column":19}},"5":{"start":{"line":23,"column":8},"end":{"line":35,"column":13}},"6":{"start":{"line":24,"column":12},"end":{"line":34,"column":13}},"7":{"start":{"line":25,"column":16},"end":{"line":28,"column":30}},"8":{"start":{"line":30,"column":16},"end":{"line":33,"column":27}},"9":{"start":{"line":37,"column":8},"end":{"line":39,"column":21}},"10":{"start":{"line":41,"column":8},"end":{"line":41,"column":54}},"11":{"start":{"line":43,"column":8},"end":{"line":43,"column":61}},"12":{"start":{"line":45,"column":8},"end":{"line":51,"column":9}},"13":{"start":{"line":46,"column":12},"end":{"line":46,"column":67}},"14":{"start":{"line":48,"column":12},"end":{"line":48,"column":35}},"15":{"start":{"line":49,"column":12},"end":{"line":49,"column":49}},"16":{"start":{"line":50,"column":12},"end":{"line":50,"column":43}}},"branchMap":{"1":{"line":25,"type":"binary-expr","locations":[{"start":{"line":25,"column":23},"end":{"line":25,"column":62}},{"start":{"line":26,"column":20},"end":{"line":26,"column":70}},{"start":{"line":27,"column":20},"end":{"line":27,"column":71}},{"start":{"line":28,"column":20},"end":{"line":28,"column":29}}]},"2":{"line":30,"type":"binary-expr","locations":[{"start":{"line":30,"column":23},"end":{"line":30,"column":37}},{"start":{"line":31,"column":20},"end":{"line":31,"column":61}},{"start":{"line":32,"column":20},"end":{"line":32,"column":70}},{"start":{"line":33,"column":20},"end":{"line":33,"column":26}}]},"3":{"line":37,"type":"cond-expr","locations":[{"start":{"line":38,"column":14},"end":{"line":38,"column":20}},{"start":{"line":39,"column":14},"end":{"line":39,"column":20}}]},"4":{"line":41,"type":"binary-expr","locations":[{"start":{"line":41,"column":16},"end":{"line":41,"column":44}},{"start":{"line":41,"column":48},"end":{"line":41,"column":53}}]},"5":{"line":45,"type":"if","locations":[{"start":{"line":45,"column":8},"end":{"line":45,"column":8}},{"start":{"line":45,"column":8},"end":{"line":45,"column":8}}]}},"code":["/* istanbul instrument in package npmtest_express_partials */","/*jslint","    bitwise: true,","    browser: true,","    maxerr: 8,","    maxlen: 96,","    node: true,","    nomen: true,","    regexp: true,","    stupid: true","*/","(function () {","    'use strict';","    var local;","","","","    // run shared js-env code - pre-init","    (function () {","        // init local","        local = {};","        // init modeJs","        local.modeJs = (function () {","            try {","                return typeof navigator.userAgent === 'string' &&","                    typeof document.querySelector('body') === 'object' &&","                    typeof XMLHttpRequest.prototype.open === 'function' &&","                    'browser';","            } catch (errorCaughtBrowser) {","                return module.exports &&","                    typeof process.versions.node === 'string' &&","                    typeof require('http').createServer === 'function' &&","                    'node';","            }","        }());","        // init global","        local.global = local.modeJs === 'browser'","            ? window","            : global;","        // init utility2_rollup","        local = local.global.utility2_rollup || local;","        // init lib","        local.local = local.npmtest_express_partials = local;","        // init exports","        if (local.modeJs === 'browser') {","            local.global.utility2_npmtest_express_partials = local;","        } else {","            module.exports = local;","            module.exports.__dirname = __dirname;","            module.exports.module = module;","        }","    }());","}());",""],"l":{"12":2,"14":2,"19":2,"21":2,"23":2,"24":2,"25":2,"30":1,"37":2,"41":2,"43":2,"45":2,"46":1,"48":1,"49":1,"50":1}},"/home/travis/build/npmtest/node-npmtest-express-partials/example.js":{"path":"/home/travis/build/npmtest/node-npmtest-express-partials/example.js","s":{"1":2,"2":2,"3":2,"4":2,"5":2,"6":2,"7":2,"8":1,"9":2,"10":2,"11":2,"12":2,"13":1,"14":2,"15":2,"16":2,"17":2,"18":2,"19":0,"20":2,"21":1,"22":1,"23":1,"24":1,"25":1,"26":0,"27":0,"28":1,"29":1,"30":2,"31":0,"32":0,"33":0,"34":1,"35":2,"36":2,"37":3,"38":3,"39":3,"40":3,"41":0,"42":3,"43":3,"44":3,"45":1,"46":3,"47":1,"48":1,"49":1,"50":1,"51":1,"52":1,"53":1,"54":1,"55":1,"56":1,"57":0,"58":1,"59":6,"60":6,"61":1,"62":2,"63":0,"64":2,"65":1,"66":1,"67":0,"68":0,"69":0,"70":0,"71":0,"72":0,"73":0,"74":0,"75":0,"76":0,"77":0,"78":0,"79":0,"80":0,"81":0,"82":0,"83":0},"b":{"1":[2,1,1,1],"2":[1,1,1,1],"3":[1,1],"4":[2,2],"5":[1,1],"6":[1,1],"7":[2,0],"8":[2,1,1,1,1,1],"9":[0,2,0],"10":[1,1],"11":[2,1,1],"12":[1,0],"13":[0,2],"14":[2,0,0,0,0,0,0],"15":[0,3],"16":[3,0],"17":[1,1],"18":[0,1],"19":[1,2,0,2],"20":[1,0],"21":[1,1],"22":[0,0],"23":[0,0],"24":[0,0],"25":[0,0],"26":[0,0],"27":[0,0],"28":[0,0]},"f":{"1":2,"2":2,"3":2,"4":2,"5":2,"6":2,"7":3,"8":3,"9":3,"10":1,"11":6,"12":0},"fnMap":{"1":{"name":"(anonymous_1)","line":26,"loc":{"start":{"line":26,"column":1},"end":{"line":26,"column":13}}},"2":{"name":"(anonymous_2)","line":33,"loc":{"start":{"line":33,"column":5},"end":{"line":33,"column":17}}},"3":{"name":"(anonymous_3)","line":37,"loc":{"start":{"line":37,"column":24},"end":{"line":37,"column":36}}},"4":{"name":"(anonymous_4)","line":69,"loc":{"start":{"line":69,"column":31},"end":{"line":69,"column":48}},"skip":true},"5":{"name":"(anonymous_5)","line":78,"loc":{"start":{"line":78,"column":26},"end":{"line":78,"column":45}},"skip":true},"6":{"name":"(anonymous_6)","line":123,"loc":{"start":{"line":123,"column":33},"end":{"line":123,"column":48}},"skip":true},"7":{"name":"(anonymous_7)","line":125,"loc":{"start":{"line":125,"column":27},"end":{"line":125,"column":39}},"skip":true},"8":{"name":"(anonymous_8)","line":133,"loc":{"start":{"line":133,"column":59},"end":{"line":133,"column":74}},"skip":true},"9":{"name":"(anonymous_9)","line":143,"loc":{"start":{"line":143,"column":45},"end":{"line":143,"column":62}},"skip":true},"10":{"name":"(anonymous_10)","line":144,"loc":{"start":{"line":144,"column":73},"end":{"line":144,"column":92}},"skip":true},"11":{"name":"(anonymous_11)","line":272,"loc":{"start":{"line":272,"column":51},"end":{"line":272,"column":77}},"skip":true},"12":{"name":"(anonymous_12)","line":315,"loc":{"start":{"line":315,"column":32},"end":{"line":315,"column":61}},"skip":true}},"statementMap":{"1":{"start":{"line":26,"column":0},"end":{"line":326,"column":5}},"2":{"start":{"line":28,"column":4},"end":{"line":28,"column":14}},"3":{"start":{"line":33,"column":4},"end":{"line":60,"column":9}},"4":{"start":{"line":35,"column":8},"end":{"line":35,"column":19}},"5":{"start":{"line":37,"column":8},"end":{"line":49,"column":13}},"6":{"start":{"line":38,"column":12},"end":{"line":48,"column":13}},"7":{"start":{"line":39,"column":16},"end":{"line":42,"column":30}},"8":{"start":{"line":44,"column":16},"end":{"line":47,"column":27}},"9":{"start":{"line":51,"column":8},"end":{"line":53,"column":21}},"10":{"start":{"line":55,"column":8},"end":{"line":57,"column":45}},"11":{"start":{"line":59,"column":8},"end":{"line":59,"column":35}},"12":{"start":{"line":61,"column":4},"end":{"line":325,"column":5}},"13":{"start":{"line":69,"column":8},"end":{"line":121,"column":10},"skip":true},"14":{"start":{"line":70,"column":12},"end":{"line":88,"column":13},"skip":true},"15":{"start":{"line":76,"column":16},"end":{"line":87,"column":19},"skip":true},"16":{"start":{"line":79,"column":20},"end":{"line":86,"column":21},"skip":true},"17":{"start":{"line":82,"column":24},"end":{"line":82,"column":43},"skip":true},"18":{"start":{"line":83,"column":24},"end":{"line":83,"column":30},"skip":true},"19":{"start":{"line":85,"column":24},"end":{"line":85,"column":49},"skip":true},"20":{"start":{"line":89,"column":12},"end":{"line":107,"column":13},"skip":true},"21":{"start":{"line":92,"column":16},"end":{"line":102,"column":17},"skip":true},"22":{"start":{"line":93,"column":20},"end":{"line":93,"column":86},"skip":true},"23":{"start":{"line":94,"column":20},"end":{"line":95,"column":45},"skip":true},"24":{"start":{"line":96,"column":20},"end":{"line":96,"column":42},"skip":true},"25":{"start":{"line":97,"column":20},"end":{"line":97,"column":48},"skip":true},"26":{"start":{"line":100,"column":20},"end":{"line":100,"column":85},"skip":true},"27":{"start":{"line":101,"column":20},"end":{"line":101,"column":96},"skip":true},"28":{"start":{"line":103,"column":16},"end":{"line":103,"column":22},"skip":true},"29":{"start":{"line":106,"column":16},"end":{"line":106,"column":22},"skip":true},"30":{"start":{"line":108,"column":12},"end":{"line":120,"column":13},"skip":true},"31":{"start":{"line":114,"column":16},"end":{"line":119,"column":17},"skip":true},"32":{"start":{"line":116,"column":20},"end":{"line":116,"column":78},"skip":true},"33":{"start":{"line":118,"column":20},"end":{"line":118,"column":47},"skip":true},"34":{"start":{"line":123,"column":8},"end":{"line":141,"column":11},"skip":true},"35":{"start":{"line":124,"column":12},"end":{"line":124,"column":54},"skip":true},"36":{"start":{"line":125,"column":12},"end":{"line":140,"column":14},"skip":true},"37":{"start":{"line":126,"column":16},"end":{"line":126,"column":28},"skip":true},"38":{"start":{"line":127,"column":16},"end":{"line":127,"column":69},"skip":true},"39":{"start":{"line":128,"column":16},"end":{"line":128,"column":75},"skip":true},"40":{"start":{"line":129,"column":16},"end":{"line":131,"column":17},"skip":true},"41":{"start":{"line":130,"column":20},"end":{"line":130,"column":27},"skip":true},"42":{"start":{"line":133,"column":16},"end":{"line":137,"column":36},"skip":true},"43":{"start":{"line":134,"column":20},"end":{"line":136,"column":55},"skip":true},"44":{"start":{"line":139,"column":16},"end":{"line":139,"column":57},"skip":true},"45":{"start":{"line":143,"column":8},"end":{"line":147,"column":11},"skip":true},"46":{"start":{"line":144,"column":12},"end":{"line":146,"column":15},"skip":true},"47":{"start":{"line":145,"column":16},"end":{"line":145,"column":70},"skip":true},"48":{"start":{"line":149,"column":8},"end":{"line":149,"column":31},"skip":true},"49":{"start":{"line":150,"column":8},"end":{"line":150,"column":14},"skip":true},"50":{"start":{"line":158,"column":8},"end":{"line":158,"column":31},"skip":true},"51":{"start":{"line":160,"column":8},"end":{"line":160,"column":33},"skip":true},"52":{"start":{"line":161,"column":8},"end":{"line":161,"column":37},"skip":true},"53":{"start":{"line":162,"column":8},"end":{"line":162,"column":35},"skip":true},"54":{"start":{"line":164,"column":8},"end":{"line":164,"column":50},"skip":true},"55":{"start":{"line":166,"column":8},"end":{"line":256,"column":2},"skip":true},"56":{"start":{"line":258,"column":8},"end":{"line":286,"column":9},"skip":true},"57":{"start":{"line":259,"column":12},"end":{"line":269,"column":14},"skip":true},"58":{"start":{"line":271,"column":12},"end":{"line":285,"column":19},"skip":true},"59":{"start":{"line":274,"column":20},"end":{"line":274,"column":35},"skip":true},"60":{"start":{"line":275,"column":20},"end":{"line":284,"column":21},"skip":true},"61":{"start":{"line":277,"column":24},"end":{"line":277,"column":64},"skip":true},"62":{"start":{"line":279,"column":24},"end":{"line":279,"column":40},"skip":true},"63":{"start":{"line":281,"column":24},"end":{"line":281,"column":40},"skip":true},"64":{"start":{"line":283,"column":24},"end":{"line":283,"column":39},"skip":true},"65":{"start":{"line":288,"column":8},"end":{"line":290,"column":9},"skip":true},"66":{"start":{"line":289,"column":12},"end":{"line":289,"column":18},"skip":true},"67":{"start":{"line":291,"column":8},"end":{"line":293,"column":54},"skip":true},"68":{"start":{"line":296,"column":8},"end":{"line":301,"column":37},"skip":true},"69":{"start":{"line":303,"column":8},"end":{"line":303,"column":82},"skip":true},"70":{"start":{"line":306,"column":8},"end":{"line":308,"column":9},"skip":true},"71":{"start":{"line":307,"column":12},"end":{"line":307,"column":82},"skip":true},"72":{"start":{"line":310,"column":8},"end":{"line":312,"column":9},"skip":true},"73":{"start":{"line":311,"column":12},"end":{"line":311,"column":18},"skip":true},"74":{"start":{"line":313,"column":8},"end":{"line":313,"column":54},"skip":true},"75":{"start":{"line":314,"column":8},"end":{"line":314,"column":69},"skip":true},"76":{"start":{"line":315,"column":8},"end":{"line":323,"column":36},"skip":true},"77":{"start":{"line":316,"column":12},"end":{"line":316,"column":61},"skip":true},"78":{"start":{"line":317,"column":12},"end":{"line":320,"column":13},"skip":true},"79":{"start":{"line":318,"column":16},"end":{"line":318,"column":75},"skip":true},"80":{"start":{"line":319,"column":16},"end":{"line":319,"column":23},"skip":true},"81":{"start":{"line":321,"column":12},"end":{"line":321,"column":38},"skip":true},"82":{"start":{"line":322,"column":12},"end":{"line":322,"column":27},"skip":true},"83":{"start":{"line":324,"column":8},"end":{"line":324,"column":14},"skip":true}},"branchMap":{"1":{"line":39,"type":"binary-expr","locations":[{"start":{"line":39,"column":23},"end":{"line":39,"column":62}},{"start":{"line":40,"column":20},"end":{"line":40,"column":70}},{"start":{"line":41,"column":20},"end":{"line":41,"column":71}},{"start":{"line":42,"column":20},"end":{"line":42,"column":29}}]},"2":{"line":44,"type":"binary-expr","locations":[{"start":{"line":44,"column":23},"end":{"line":44,"column":37}},{"start":{"line":45,"column":20},"end":{"line":45,"column":61}},{"start":{"line":46,"column":20},"end":{"line":46,"column":70}},{"start":{"line":47,"column":20},"end":{"line":47,"column":26}}]},"3":{"line":51,"type":"cond-expr","locations":[{"start":{"line":52,"column":14},"end":{"line":52,"column":20}},{"start":{"line":53,"column":14},"end":{"line":53,"column":20}}]},"4":{"line":55,"type":"binary-expr","locations":[{"start":{"line":55,"column":16},"end":{"line":55,"column":44}},{"start":{"line":55,"column":49},"end":{"line":57,"column":43}}]},"5":{"line":55,"type":"cond-expr","locations":[{"start":{"line":56,"column":14},"end":{"line":56,"column":60}},{"start":{"line":57,"column":14},"end":{"line":57,"column":43}}]},"6":{"line":61,"type":"switch","locations":[{"start":{"line":68,"column":4},"end":{"line":150,"column":14},"skip":true},{"start":{"line":156,"column":4},"end":{"line":324,"column":14},"skip":true}]},"7":{"line":70,"type":"if","locations":[{"start":{"line":70,"column":12},"end":{"line":70,"column":12},"skip":true},{"start":{"line":70,"column":12},"end":{"line":70,"column":12},"skip":true}]},"8":{"line":70,"type":"binary-expr","locations":[{"start":{"line":70,"column":16},"end":{"line":70,"column":22},"skip":true},{"start":{"line":70,"column":27},"end":{"line":70,"column":32},"skip":true},{"start":{"line":71,"column":20},"end":{"line":71,"column":39},"skip":true},{"start":{"line":72,"column":20},"end":{"line":72,"column":49},"skip":true},{"start":{"line":73,"column":20},"end":{"line":73,"column":58},"skip":true},{"start":{"line":74,"column":20},"end":{"line":74,"column":69},"skip":true}]},"9":{"line":79,"type":"switch","locations":[{"start":{"line":80,"column":20},"end":{"line":80,"column":33},"skip":true},{"start":{"line":81,"column":20},"end":{"line":83,"column":30},"skip":true},{"start":{"line":84,"column":20},"end":{"line":85,"column":49},"skip":true}]},"10":{"line":89,"type":"switch","locations":[{"start":{"line":90,"column":12},"end":{"line":103,"column":22},"skip":true},{"start":{"line":105,"column":12},"end":{"line":106,"column":22},"skip":true}]},"11":{"line":89,"type":"binary-expr","locations":[{"start":{"line":89,"column":20},"end":{"line":89,"column":25},"skip":true},{"start":{"line":89,"column":29},"end":{"line":89,"column":48},"skip":true},{"start":{"line":89,"column":52},"end":{"line":89,"column":74},"skip":true}]},"12":{"line":92,"type":"if","locations":[{"start":{"line":92,"column":16},"end":{"line":92,"column":16},"skip":true},{"start":{"line":92,"column":16},"end":{"line":92,"column":16},"skip":true}]},"13":{"line":108,"type":"if","locations":[{"start":{"line":108,"column":12},"end":{"line":108,"column":12},"skip":true},{"start":{"line":108,"column":12},"end":{"line":108,"column":12},"skip":true}]},"14":{"line":108,"type":"binary-expr","locations":[{"start":{"line":108,"column":16},"end":{"line":108,"column":61},"skip":true},{"start":{"line":108,"column":66},"end":{"line":108,"column":72},"skip":true},{"start":{"line":108,"column":77},"end":{"line":108,"column":82},"skip":true},{"start":{"line":109,"column":20},"end":{"line":109,"column":39},"skip":true},{"start":{"line":110,"column":20},"end":{"line":110,"column":49},"skip":true},{"start":{"line":111,"column":20},"end":{"line":111,"column":58},"skip":true},{"start":{"line":112,"column":20},"end":{"line":112,"column":68},"skip":true}]},"15":{"line":129,"type":"if","locations":[{"start":{"line":129,"column":16},"end":{"line":129,"column":16},"skip":true},{"start":{"line":129,"column":16},"end":{"line":129,"column":16},"skip":true}]},"16":{"line":134,"type":"cond-expr","locations":[{"start":{"line":135,"column":26},"end":{"line":135,"column":29},"skip":true},{"start":{"line":136,"column":26},"end":{"line":136,"column":54},"skip":true}]},"17":{"line":164,"type":"binary-expr","locations":[{"start":{"line":164,"column":27},"end":{"line":164,"column":43},"skip":true},{"start":{"line":164,"column":47},"end":{"line":164,"column":49},"skip":true}]},"18":{"line":258,"type":"if","locations":[{"start":{"line":258,"column":8},"end":{"line":258,"column":8},"skip":true},{"start":{"line":258,"column":8},"end":{"line":258,"column":8},"skip":true}]},"19":{"line":275,"type":"switch","locations":[{"start":{"line":276,"column":20},"end":{"line":277,"column":64},"skip":true},{"start":{"line":278,"column":20},"end":{"line":279,"column":40},"skip":true},{"start":{"line":280,"column":20},"end":{"line":281,"column":40},"skip":true},{"start":{"line":282,"column":20},"end":{"line":283,"column":39},"skip":true}]},"20":{"line":288,"type":"if","locations":[{"start":{"line":288,"column":8},"end":{"line":288,"column":8},"skip":true},{"start":{"line":288,"column":8},"end":{"line":288,"column":8},"skip":true}]},"21":{"line":288,"type":"binary-expr","locations":[{"start":{"line":288,"column":12},"end":{"line":288,"column":40},"skip":true},{"start":{"line":288,"column":44},"end":{"line":288,"column":67},"skip":true}]},"22":{"line":292,"type":"binary-expr","locations":[{"start":{"line":292,"column":12},"end":{"line":292,"column":50},"skip":true},{"start":{"line":293,"column":12},"end":{"line":293,"column":53},"skip":true}]},"23":{"line":297,"type":"binary-expr","locations":[{"start":{"line":297,"column":12},"end":{"line":297,"column":74},"skip":true},{"start":{"line":298,"column":12},"end":{"line":301,"column":36},"skip":true}]},"24":{"line":303,"type":"binary-expr","locations":[{"start":{"line":303,"column":43},"end":{"line":303,"column":75},"skip":true},{"start":{"line":303,"column":79},"end":{"line":303,"column":81},"skip":true}]},"25":{"line":306,"type":"if","locations":[{"start":{"line":306,"column":8},"end":{"line":306,"column":8},"skip":true},{"start":{"line":306,"column":8},"end":{"line":306,"column":8},"skip":true}]},"26":{"line":310,"type":"if","locations":[{"start":{"line":310,"column":8},"end":{"line":310,"column":8},"skip":true},{"start":{"line":310,"column":8},"end":{"line":310,"column":8},"skip":true}]},"27":{"line":313,"type":"binary-expr","locations":[{"start":{"line":313,"column":27},"end":{"line":313,"column":43},"skip":true},{"start":{"line":313,"column":47},"end":{"line":313,"column":53},"skip":true}]},"28":{"line":317,"type":"if","locations":[{"start":{"line":317,"column":12},"end":{"line":317,"column":12},"skip":true},{"start":{"line":317,"column":12},"end":{"line":317,"column":12},"skip":true}]}},"code":["/*","example.js","","quickstart example","","instruction","    1. save this script as example.js","    2. run the shell command:","        $ npm install npmtest-express-partials && PORT=8081 node example.js","    3. play with the browser-demo on http://127.0.0.1:8081","*/","","","","/* istanbul instrument in package npmtest_express_partials */","/*jslint","    bitwise: true,","    browser: true,","    maxerr: 8,","    maxlen: 96,","    node: true,","    nomen: true,","    regexp: true,","    stupid: true","*/","(function () {","    'use strict';","    var local;","","","","    // run shared js-env code - pre-init","    (function () {","        // init local","        local = {};","        // init modeJs","        local.modeJs = (function () {","            try {","                return typeof navigator.userAgent === 'string' &&","                    typeof document.querySelector('body') === 'object' &&","                    typeof XMLHttpRequest.prototype.open === 'function' &&","                    'browser';","            } catch (errorCaughtBrowser) {","                return module.exports &&","                    typeof process.versions.node === 'string' &&","                    typeof require('http').createServer === 'function' &&","                    'node';","            }","        }());","        // init global","        local.global = local.modeJs === 'browser'","            ? window","            : global;","        // init utility2_rollup","        local = local.global.utility2_rollup || (local.modeJs === 'browser'","            ? local.global.utility2_npmtest_express_partials","            : global.utility2_moduleExports);","        // export local","        local.global.local = local;","    }());","    switch (local.modeJs) {","","","","    // post-init","    // run browser js-env code - post-init","    /* istanbul ignore next */","    case 'browser':","        local.testRunBrowser = function (event) {","            if (!event || (event &&","                    event.currentTarget &&","                    event.currentTarget.className &&","                    event.currentTarget.className.includes &&","                    event.currentTarget.className.includes('onreset'))) {","                // reset output","                Array.from(","                    document.querySelectorAll('body > .resettable')","                ).forEach(function (element) {","                    switch (element.tagName) {","                    case 'INPUT':","                    case 'TEXTAREA':","                        element.value = '';","                        break;","                    default:","                        element.textContent = '';","                    }","                });","            }","            switch (event && event.currentTarget && event.currentTarget.id) {","            case 'testRunButton1':","                // show tests","                if (document.querySelector('#testReportDiv1').style.display === 'none') {","                    document.querySelector('#testReportDiv1').style.display = 'block';","                    document.querySelector('#testRunButton1').textContent =","                        'hide internal test';","                    local.modeTest = true;","                    local.testRunDefault(local);","                // hide tests","                } else {","                    document.querySelector('#testReportDiv1').style.display = 'none';","                    document.querySelector('#testRunButton1').textContent = 'run internal test';","                }","                break;","            // custom-case","            default:","                break;","            }","            if (document.querySelector('#inputTextareaEval1') && (!event || (event &&","                    event.currentTarget &&","                    event.currentTarget.className &&","                    event.currentTarget.className.includes &&","                    event.currentTarget.className.includes('oneval')))) {","                // try to eval input-code","                try {","                    /*jslint evil: true*/","                    eval(document.querySelector('#inputTextareaEval1').value);","                } catch (errorCaught) {","                    console.error(errorCaught);","                }","            }","        };","        // log stderr and stdout to #outputTextareaStdout1","        ['error', 'log'].forEach(function (key) {","            console[key + '_original'] = console[key];","            console[key] = function () {","                var element;","                console[key + '_original'].apply(console, arguments);","                element = document.querySelector('#outputTextareaStdout1');","                if (!element) {","                    return;","                }","                // append text to #outputTextareaStdout1","                element.value += Array.from(arguments).map(function (arg) {","                    return typeof arg === 'string'","                        ? arg","                        : JSON.stringify(arg, null, 4);","                }).join(' ') + '\\n';","                // scroll textarea to bottom","                element.scrollTop = element.scrollHeight;","            };","        });","        // init event-handling","        ['change', 'click', 'keyup'].forEach(function (event) {","            Array.from(document.querySelectorAll('.on' + event)).forEach(function (element) {","                element.addEventListener(event, local.testRunBrowser);","            });","        });","        // run tests","        local.testRunBrowser();","        break;","","","","    // run node js-env code - post-init","    /* istanbul ignore next */","    case 'node':","        // export local","        module.exports = local;","        // require modules","        local.fs = require('fs');","        local.http = require('http');","        local.url = require('url');","        // init assets","        local.assetsDict = local.assetsDict || {};","        /* jslint-ignore-begin */","        local.assetsDict['/assets.index.template.html'] = '\\","<!doctype html>\\n\\","<html lang=\"en\">\\n\\","<head>\\n\\","<meta charset=\"UTF-8\">\\n\\","<meta name=\"viewport\" content=\"width=device-width, initial-scale=1\">\\n\\","<title>{{env.npm_package_name}} (v{{env.npm_package_version}})</title>\\n\\","<style>\\n\\","/*csslint\\n\\","    box-sizing: false,\\n\\","    universal-selector: false\\n\\","*/\\n\\","* {\\n\\","    box-sizing: border-box;\\n\\","}\\n\\","body {\\n\\","    background: #dde;\\n\\","    font-family: Arial, Helvetica, sans-serif;\\n\\","    margin: 2rem;\\n\\","}\\n\\","body > * {\\n\\","    margin-bottom: 1rem;\\n\\","}\\n\\",".utility2FooterDiv {\\n\\","    margin-top: 20px;\\n\\","    text-align: center;\\n\\","}\\n\\","</style>\\n\\","<style>\\n\\","/*csslint\\n\\","*/\\n\\","textarea {\\n\\","    font-family: monospace;\\n\\","    height: 10rem;\\n\\","    width: 100%;\\n\\","}\\n\\","textarea[readonly] {\\n\\","    background: #ddd;\\n\\","}\\n\\","</style>\\n\\","</head>\\n\\","<body>\\n\\","<!-- utility2-comment\\n\\","<div id=\"ajaxProgressDiv1\" style=\"background: #d00; height: 2px; left: 0; margin: 0; padding: 0; position: fixed; top: 0; transition: background 0.5s, width 1.5s; width: 25%;\"></div>\\n\\","utility2-comment -->\\n\\","<h1>\\n\\","<!-- utility2-comment\\n\\","    <a\\n\\","        {{#if env.npm_package_homepage}}\\n\\","        href=\"{{env.npm_package_homepage}}\"\\n\\","        {{/if env.npm_package_homepage}}\\n\\","        target=\"_blank\"\\n\\","    >\\n\\","utility2-comment -->\\n\\","        {{env.npm_package_name}} (v{{env.npm_package_version}})\\n\\","<!-- utility2-comment\\n\\","    </a>\\n\\","utility2-comment -->\\n\\","</h1>\\n\\","<h3>{{env.npm_package_description}}</h3>\\n\\","<!-- utility2-comment\\n\\","<h4><a download href=\"assets.app.js\">download standalone app</a></h4>\\n\\","<button class=\"onclick onreset\" id=\"testRunButton1\">run internal test</button><br>\\n\\","<div id=\"testReportDiv1\" style=\"display: none;\"></div>\\n\\","utility2-comment -->\\n\\","\\n\\","\\n\\","\\n\\","<label>stderr and stdout</label>\\n\\","<textarea class=\"resettable\" id=\"outputTextareaStdout1\" readonly></textarea>\\n\\","<!-- utility2-comment\\n\\","{{#if isRollup}}\\n\\","<script src=\"assets.app.js\"></script>\\n\\","{{#unless isRollup}}\\n\\","utility2-comment -->\\n\\","<script src=\"assets.utility2.rollup.js\"></script>\\n\\","<script src=\"jsonp.utility2._stateInit?callback=window.utility2._stateInit\"></script>\\n\\","<script src=\"assets.npmtest_express_partials.rollup.js\"></script>\\n\\","<script src=\"assets.example.js\"></script>\\n\\","<script src=\"assets.test.js\"></script>\\n\\","<!-- utility2-comment\\n\\","{{/if isRollup}}\\n\\","utility2-comment -->\\n\\","<div class=\"utility2FooterDiv\">\\n\\","    [ this app was created with\\n\\","    <a href=\"https://github.com/kaizhu256/node-utility2\" target=\"_blank\">utility2</a>\\n\\","    ]\\n\\","</div>\\n\\","</body>\\n\\","</html>\\n\\","';","        /* jslint-ignore-end */","        if (local.templateRender) {","            local.assetsDict['/'] = local.templateRender(","                local.assetsDict['/assets.index.template.html'],","                {","                    env: local.objectSetDefault(local.env, {","                        npm_package_description: 'the greatest app in the world!',","                        npm_package_name: 'my-app',","                        npm_package_nameAlias: 'my_app',","                        npm_package_version: '0.0.1'","                    })","                }","            );","        } else {","            local.assetsDict['/'] = local.assetsDict['/assets.index.template.html']","                .replace((/\\{\\{env\\.(\\w+?)\\}\\}/g), function (match0, match1) {","                    // jslint-hack","                    String(match0);","                    switch (match1) {","                    case 'npm_package_description':","                        return 'the greatest app in the world!';","                    case 'npm_package_name':","                        return 'my-app';","                    case 'npm_package_nameAlias':","                        return 'my_app';","                    case 'npm_package_version':","                        return '0.0.1';","                    }","                });","        }","        // run the cli","        if (local.global.utility2_rollup || module !== require.main) {","            break;","        }","        local.assetsDict['/assets.example.js'] =","            local.assetsDict['/assets.example.js'] ||","            local.fs.readFileSync(__filename, 'utf8');","        // bug-workaround - long $npm_package_buildCustomOrg","        /* jslint-ignore-begin */","        local.assetsDict['/assets.npmtest_express_partials.rollup.js'] =","            local.assetsDict['/assets.npmtest_express_partials.rollup.js'] ||","            local.fs.readFileSync(","                local.npmtest_express_partials.__dirname + '/lib.npmtest_express_partials.js',","                'utf8'","            ).replace((/^#!/), '//');","        /* jslint-ignore-end */","        local.assetsDict['/favicon.ico'] = local.assetsDict['/favicon.ico'] || '';","        // if $npm_config_timeout_exit exists,","        // then exit this process after $npm_config_timeout_exit ms","        if (Number(process.env.npm_config_timeout_exit)) {","            setTimeout(process.exit, Number(process.env.npm_config_timeout_exit));","        }","        // start server","        if (local.global.utility2_serverHttp1) {","            break;","        }","        process.env.PORT = process.env.PORT || '8081';","        console.error('server starting on port ' + process.env.PORT);","        local.http.createServer(function (request, response) {","            request.urlParsed = local.url.parse(request.url);","            if (local.assetsDict[request.urlParsed.pathname] !== undefined) {","                response.end(local.assetsDict[request.urlParsed.pathname]);","                return;","            }","            response.statusCode = 404;","            response.end();","        }).listen(process.env.PORT);","        break;","    }","}());",""],"l":{"26":2,"28":2,"33":2,"35":2,"37":2,"38":2,"39":2,"44":1,"51":2,"55":2,"59":2,"61":2,"69":1,"70":2,"76":2,"79":2,"82":2,"83":2,"85":1,"89":2,"92":1,"93":1,"94":1,"96":1,"97":1,"100":1,"101":1,"103":1,"106":1,"108":2,"114":1,"116":1,"118":1,"123":1,"124":2,"125":2,"126":3,"127":3,"128":3,"129":3,"130":1,"133":3,"134":3,"139":3,"143":1,"144":3,"145":1,"149":1,"150":1,"158":1,"160":1,"161":1,"162":1,"164":1,"166":1,"258":1,"259":1,"271":1,"274":6,"275":6,"277":1,"279":2,"281":1,"283":2,"288":1,"289":1,"291":1,"296":1,"303":1,"306":1,"307":1,"310":1,"311":1,"313":1,"314":1,"315":1,"316":1,"317":1,"318":1,"319":1,"321":1,"322":1,"324":1}},"/home/travis/build/npmtest/node-npmtest-express-partials/node_modules/express-partials/index.js":{"path":"/home/travis/build/npmtest/node-npmtest-express-partials/node_modules/express-partials/index.js","s":{"1":1,"2":1,"3":0,"4":0,"5":0,"6":0,"7":0,"8":0,"9":0,"10":0,"11":0,"12":0,"13":0,"14":0,"15":0,"16":0,"17":0,"18":0,"19":0,"20":0,"21":0,"22":0,"23":0,"24":0,"25":0,"26":0,"27":0,"28":0,"29":0,"30":0,"31":0,"32":0,"33":1,"34":0,"35":0,"36":0,"37":0,"38":0,"39":0,"40":0,"41":1,"42":1,"43":0,"44":0,"45":0,"46":1,"47":1,"48":1,"49":0,"50":0,"51":1,"52":0,"53":0,"54":0,"55":0,"56":0,"57":0,"58":0,"59":0,"60":0,"61":0,"62":0,"63":0,"64":0,"65":0,"66":0,"67":0,"68":0,"69":0,"70":0,"71":0,"72":0,"73":1,"74":1,"75":0,"76":0,"77":0,"78":0,"79":0,"80":0,"81":0,"82":0,"83":0,"84":0,"85":0,"86":0,"87":0,"88":0,"89":0,"90":0,"91":0,"92":0,"93":0,"94":0,"95":0,"96":0,"97":0,"98":0,"99":0,"100":0,"101":0,"102":0,"103":0,"104":1,"105":0,"106":0,"107":0,"108":0,"109":0,"110":0,"111":0,"112":0,"113":0,"114":0,"115":0,"116":0,"117":0,"118":0,"119":0,"120":0,"121":0,"122":0,"123":0,"124":0,"125":0,"126":0,"127":0,"128":0,"129":0,"130":0,"131":0,"132":0,"133":0,"134":0,"135":0,"136":0},"b":{"1":[1,0],"2":[0,0],"3":[0,0],"4":[0,0],"5":[0,0,0],"6":[0,0],"7":[0,0],"8":[0,0],"9":[0,0],"10":[0,0],"11":[0,0],"12":[0,0],"13":[0,0],"14":[0,0],"15":[0,0],"16":[0,0],"17":[0,0],"18":[0,0],"19":[0,0],"20":[0,0],"21":[0,0],"22":[0,0],"23":[0,0],"24":[0,0],"25":[0,0],"26":[0,0],"27":[0,0],"28":[0,0],"29":[0,0],"30":[0,0],"31":[0,0],"32":[0,0],"33":[0,0],"34":[0,0],"35":[0,0],"36":[0,0],"37":[0,0],"38":[0,0],"39":[0,0],"40":[0,0],"41":[0,0],"42":[0,0],"43":[0,0],"44":[0,0],"45":[0,0],"46":[0,0],"47":[0,0],"48":[0,0],"49":[0,0],"50":[0,0],"51":[0,0],"52":[0,0],"53":[0,0]},"f":{"1":0,"2":0,"3":0,"4":0,"5":0,"6":0,"7":0,"8":0,"9":0,"10":0,"11":0},"fnMap":{"1":{"name":"(anonymous_1)","line":35,"loc":{"start":{"line":35,"column":17},"end":{"line":35,"column":27}}},"2":{"name":"(anonymous_2)","line":36,"loc":{"start":{"line":36,"column":9},"end":{"line":36,"column":31}}},"3":{"name":"(anonymous_3)","line":45,"loc":{"start":{"line":45,"column":17},"end":{"line":45,"column":44}}},"4":{"name":"(anonymous_4)","line":58,"loc":{"start":{"line":58,"column":31},"end":{"line":58,"column":50}}},"5":{"name":"register","line":112,"loc":{"start":{"line":112,"column":0},"end":{"line":112,"column":29}}},"6":{"name":"renderer","line":134,"loc":{"start":{"line":134,"column":0},"end":{"line":134,"column":22}}},"7":{"name":"resolveObjectName","line":165,"loc":{"start":{"line":165,"column":0},"end":{"line":165,"column":32}}},"8":{"name":"(anonymous_8)","line":172,"loc":{"start":{"line":172,"column":21},"end":{"line":172,"column":38}}},"9":{"name":"lookup","line":193,"loc":{"start":{"line":193,"column":0},"end":{"line":193,"column":32}}},"10":{"name":"partial","line":250,"loc":{"start":{"line":250,"column":0},"end":{"line":250,"column":31}}},"11":{"name":"render","line":315,"loc":{"start":{"line":315,"column":2},"end":{"line":315,"column":19}}}},"statementMap":{"1":{"start":{"line":1,"column":0},"end":{"line":7,"column":29}},"2":{"start":{"line":35,"column":0},"end":{"line":99,"column":1}},"3":{"start":{"line":36,"column":2},"end":{"line":98,"column":3}},"4":{"start":{"line":38,"column":4},"end":{"line":38,"column":29}},"5":{"start":{"line":41,"column":4},"end":{"line":41,"column":43}},"6":{"start":{"line":44,"column":4},"end":{"line":44,"column":39}},"7":{"start":{"line":45,"column":4},"end":{"line":94,"column":5}},"8":{"start":{"line":46,"column":6},"end":{"line":46,"column":45}},"9":{"start":{"line":49,"column":6},"end":{"line":53,"column":7}},"10":{"start":{"line":51,"column":8},"end":{"line":51,"column":54}},"11":{"start":{"line":52,"column":8},"end":{"line":52,"column":70}},"12":{"start":{"line":56,"column":6},"end":{"line":93,"column":7}},"13":{"start":{"line":58,"column":8},"end":{"line":88,"column":10}},"14":{"start":{"line":59,"column":10},"end":{"line":60,"column":48}},"15":{"start":{"line":60,"column":12},"end":{"line":60,"column":48}},"16":{"start":{"line":62,"column":10},"end":{"line":62,"column":34}},"17":{"start":{"line":63,"column":10},"end":{"line":63,"column":30}},"18":{"start":{"line":66,"column":10},"end":{"line":66,"column":79}},"19":{"start":{"line":67,"column":10},"end":{"line":67,"column":70}},"20":{"start":{"line":68,"column":10},"end":{"line":68,"column":82}},"21":{"start":{"line":69,"column":10},"end":{"line":69,"column":70}},"22":{"start":{"line":73,"column":10},"end":{"line":87,"column":11}},"23":{"start":{"line":74,"column":12},"end":{"line":74,"column":96}},"24":{"start":{"line":75,"column":12},"end":{"line":75,"column":41}},"25":{"start":{"line":78,"column":12},"end":{"line":78,"column":76}},"26":{"start":{"line":79,"column":12},"end":{"line":79,"column":68}},"27":{"start":{"line":81,"column":12},"end":{"line":86,"column":13}},"28":{"start":{"line":82,"column":14},"end":{"line":82,"column":98}},"29":{"start":{"line":83,"column":14},"end":{"line":83,"column":43}},"30":{"start":{"line":85,"column":14},"end":{"line":85,"column":41}},"31":{"start":{"line":92,"column":8},"end":{"line":92,"column":35}},"32":{"start":{"line":97,"column":4},"end":{"line":97,"column":11}},"33":{"start":{"line":112,"column":0},"end":{"line":124,"column":1}},"34":{"start":{"line":113,"column":2},"end":{"line":115,"column":3}},"35":{"start":{"line":114,"column":4},"end":{"line":114,"column":20}},"36":{"start":{"line":116,"column":2},"end":{"line":118,"column":3}},"37":{"start":{"line":117,"column":4},"end":{"line":117,"column":29}},"38":{"start":{"line":119,"column":2},"end":{"line":123,"column":3}},"39":{"start":{"line":120,"column":4},"end":{"line":120,"column":34}},"40":{"start":{"line":122,"column":4},"end":{"line":122,"column":27}},"41":{"start":{"line":126,"column":0},"end":{"line":126,"column":35}},"42":{"start":{"line":134,"column":0},"end":{"line":141,"column":1}},"43":{"start":{"line":135,"column":2},"end":{"line":137,"column":3}},"44":{"start":{"line":136,"column":4},"end":{"line":136,"column":20}},"45":{"start":{"line":138,"column":2},"end":{"line":140,"column":51}},"46":{"start":{"line":143,"column":0},"end":{"line":143,"column":35}},"47":{"start":{"line":149,"column":0},"end":{"line":149,"column":15}},"48":{"start":{"line":165,"column":0},"end":{"line":177,"column":1}},"49":{"start":{"line":166,"column":2},"end":{"line":176,"column":17}},"50":{"start":{"line":173,"column":6},"end":{"line":175,"column":15}},"51":{"start":{"line":193,"column":0},"end":{"line":224,"column":1}},"52":{"start":{"line":194,"column":2},"end":{"line":194,"column":37}},"53":{"start":{"line":195,"column":2},"end":{"line":195,"column":22}},"54":{"start":{"line":198,"column":2},"end":{"line":198,"column":51}},"55":{"start":{"line":199,"column":2},"end":{"line":199,"column":33}},"56":{"start":{"line":199,"column":21},"end":{"line":199,"column":33}},"57":{"start":{"line":202,"column":2},"end":{"line":202,"column":70}},"58":{"start":{"line":203,"column":2},"end":{"line":203,"column":33}},"59":{"start":{"line":203,"column":21},"end":{"line":203,"column":33}},"60":{"start":{"line":207,"column":2},"end":{"line":207,"column":35}},"61":{"start":{"line":208,"column":2},"end":{"line":208,"column":33}},"62":{"start":{"line":208,"column":21},"end":{"line":208,"column":33}},"63":{"start":{"line":211,"column":2},"end":{"line":211,"column":40}},"64":{"start":{"line":212,"column":2},"end":{"line":212,"column":33}},"65":{"start":{"line":212,"column":21},"end":{"line":212,"column":33}},"66":{"start":{"line":216,"column":2},"end":{"line":216,"column":45}},"67":{"start":{"line":217,"column":2},"end":{"line":217,"column":33}},"68":{"start":{"line":217,"column":21},"end":{"line":217,"column":33}},"69":{"start":{"line":220,"column":2},"end":{"line":220,"column":32}},"70":{"start":{"line":221,"column":2},"end":{"line":221,"column":33}},"71":{"start":{"line":221,"column":21},"end":{"line":221,"column":33}},"72":{"start":{"line":223,"column":2},"end":{"line":223,"column":14}},"73":{"start":{"line":225,"column":0},"end":{"line":225,"column":31}},"74":{"start":{"line":250,"column":0},"end":{"line":367,"column":1}},"75":{"start":{"line":251,"column":2},"end":{"line":254,"column":11}},"76":{"start":{"line":257,"column":2},"end":{"line":283,"column":3}},"77":{"start":{"line":259,"column":4},"end":{"line":265,"column":5}},"78":{"start":{"line":260,"column":6},"end":{"line":260,"column":38}},"79":{"start":{"line":261,"column":6},"end":{"line":261,"column":32}},"80":{"start":{"line":262,"column":11},"end":{"line":265,"column":5}},"81":{"start":{"line":263,"column":6},"end":{"line":263,"column":27}},"82":{"start":{"line":264,"column":6},"end":{"line":264,"column":19}},"83":{"start":{"line":268,"column":4},"end":{"line":271,"column":5}},"84":{"start":{"line":269,"column":6},"end":{"line":269,"column":30}},"85":{"start":{"line":270,"column":6},"end":{"line":270,"column":28}},"86":{"start":{"line":274,"column":4},"end":{"line":280,"column":5}},"87":{"start":{"line":275,"column":6},"end":{"line":275,"column":23}},"88":{"start":{"line":276,"column":6},"end":{"line":276,"column":19}},"89":{"start":{"line":277,"column":11},"end":{"line":280,"column":5}},"90":{"start":{"line":278,"column":6},"end":{"line":278,"column":30}},"91":{"start":{"line":279,"column":6},"end":{"line":279,"column":28}},"92":{"start":{"line":282,"column":4},"end":{"line":282,"column":17}},"93":{"start":{"line":286,"column":2},"end":{"line":287,"column":31}},"94":{"start":{"line":287,"column":4},"end":{"line":287,"column":31}},"95":{"start":{"line":290,"column":2},"end":{"line":291,"column":50}},"96":{"start":{"line":291,"column":4},"end":{"line":291,"column":50}},"97":{"start":{"line":294,"column":2},"end":{"line":295,"column":54}},"98":{"start":{"line":295,"column":4},"end":{"line":295,"column":54}},"99":{"start":{"line":298,"column":2},"end":{"line":298,"column":39}},"100":{"start":{"line":301,"column":2},"end":{"line":301,"column":47}},"101":{"start":{"line":304,"column":2},"end":{"line":306,"column":37}},"102":{"start":{"line":309,"column":2},"end":{"line":309,"column":44}},"103":{"start":{"line":312,"column":2},"end":{"line":312,"column":26}},"104":{"start":{"line":315,"column":2},"end":{"line":326,"column":3}},"105":{"start":{"line":316,"column":4},"end":{"line":323,"column":5}},"106":{"start":{"line":317,"column":6},"end":{"line":322,"column":7}},"107":{"start":{"line":318,"column":8},"end":{"line":318,"column":31}},"108":{"start":{"line":319,"column":13},"end":{"line":322,"column":7}},"109":{"start":{"line":324,"column":4},"end":{"line":324,"column":27}},"110":{"start":{"line":325,"column":4},"end":{"line":325,"column":42}},"111":{"start":{"line":329,"column":2},"end":{"line":366,"column":3}},"112":{"start":{"line":330,"column":4},"end":{"line":334,"column":12}},"113":{"start":{"line":336,"column":4},"end":{"line":361,"column":5}},"114":{"start":{"line":337,"column":6},"end":{"line":337,"column":37}},"115":{"start":{"line":338,"column":6},"end":{"line":345,"column":7}},"116":{"start":{"line":339,"column":8},"end":{"line":339,"column":28}},"117":{"start":{"line":340,"column":8},"end":{"line":340,"column":43}},"118":{"start":{"line":341,"column":8},"end":{"line":341,"column":38}},"119":{"start":{"line":342,"column":8},"end":{"line":342,"column":48}},"120":{"start":{"line":343,"column":8},"end":{"line":343,"column":21}},"121":{"start":{"line":344,"column":8},"end":{"line":344,"column":24}},"122":{"start":{"line":347,"column":6},"end":{"line":347,"column":37}},"123":{"start":{"line":348,"column":6},"end":{"line":348,"column":24}},"124":{"start":{"line":349,"column":6},"end":{"line":349,"column":37}},"125":{"start":{"line":350,"column":6},"end":{"line":350,"column":36}},"126":{"start":{"line":351,"column":6},"end":{"line":360,"column":7}},"127":{"start":{"line":352,"column":8},"end":{"line":352,"column":22}},"128":{"start":{"line":353,"column":8},"end":{"line":353,"column":30}},"129":{"start":{"line":354,"column":8},"end":{"line":354,"column":38}},"130":{"start":{"line":355,"column":8},"end":{"line":355,"column":43}},"131":{"start":{"line":356,"column":8},"end":{"line":356,"column":38}},"132":{"start":{"line":357,"column":8},"end":{"line":357,"column":48}},"133":{"start":{"line":358,"column":8},"end":{"line":358,"column":21}},"134":{"start":{"line":359,"column":8},"end":{"line":359,"column":24}},"135":{"start":{"line":363,"column":4},"end":{"line":363,"column":15}},"136":{"start":{"line":365,"column":4},"end":{"line":365,"column":20}}},"branchMap":{"1":{"line":3,"type":"binary-expr","locations":[{"start":{"line":3,"column":13},"end":{"line":3,"column":26}},{"start":{"line":3,"column":30},"end":{"line":3,"column":45}}]},"2":{"line":46,"type":"binary-expr","locations":[{"start":{"line":46,"column":19},"end":{"line":46,"column":26}},{"start":{"line":46,"column":30},"end":{"line":46,"column":44}}]},"3":{"line":49,"type":"if","locations":[{"start":{"line":49,"column":6},"end":{"line":49,"column":6}},{"start":{"line":49,"column":6},"end":{"line":49,"column":6}}]},"4":{"line":49,"type":"binary-expr","locations":[{"start":{"line":49,"column":10},"end":{"line":49,"column":25}},{"start":{"line":49,"column":29},"end":{"line":49,"column":49}}]},"5":{"line":52,"type":"binary-expr","locations":[{"start":{"line":52,"column":17},"end":{"line":52,"column":28}},{"start":{"line":52,"column":32},"end":{"line":52,"column":57}},{"start":{"line":52,"column":61},"end":{"line":52,"column":69}}]},"6":{"line":56,"type":"if","locations":[{"start":{"line":56,"column":6},"end":{"line":56,"column":6}},{"start":{"line":56,"column":6},"end":{"line":56,"column":6}}]},"7":{"line":59,"type":"if","locations":[{"start":{"line":59,"column":10},"end":{"line":59,"column":10}},{"start":{"line":59,"column":10},"end":{"line":59,"column":10}}]},"8":{"line":60,"type":"cond-expr","locations":[{"start":{"line":60,"column":24},"end":{"line":60,"column":31}},{"start":{"line":60,"column":34},"end":{"line":60,"column":47}}]},"9":{"line":62,"type":"binary-expr","locations":[{"start":{"line":62,"column":20},"end":{"line":62,"column":27}},{"start":{"line":62,"column":31},"end":{"line":62,"column":33}}]},"10":{"line":66,"type":"binary-expr","locations":[{"start":{"line":66,"column":20},"end":{"line":66,"column":33}},{"start":{"line":66,"column":37},"end":{"line":66,"column":78}}]},"11":{"line":66,"type":"binary-expr","locations":[{"start":{"line":66,"column":42},"end":{"line":66,"column":68}},{"start":{"line":66,"column":72},"end":{"line":66,"column":77}}]},"12":{"line":67,"type":"binary-expr","locations":[{"start":{"line":67,"column":21},"end":{"line":67,"column":41}},{"start":{"line":67,"column":45},"end":{"line":67,"column":69}}]},"13":{"line":68,"type":"cond-expr","locations":[{"start":{"line":68,"column":45},"end":{"line":68,"column":49}},{"start":{"line":68,"column":52},"end":{"line":68,"column":81}}]},"14":{"line":69,"type":"binary-expr","locations":[{"start":{"line":69,"column":30},"end":{"line":69,"column":38}},{"start":{"line":69,"column":40},"end":{"line":69,"column":43}}]},"15":{"line":73,"type":"if","locations":[{"start":{"line":73,"column":10},"end":{"line":73,"column":10}},{"start":{"line":73,"column":10},"end":{"line":73,"column":10}}]},"16":{"line":74,"type":"binary-expr","locations":[{"start":{"line":74,"column":56},"end":{"line":74,"column":64}},{"start":{"line":74,"column":66},"end":{"line":74,"column":69}}]},"17":{"line":78,"type":"cond-expr","locations":[{"start":{"line":78,"column":41},"end":{"line":78,"column":45}},{"start":{"line":78,"column":48},"end":{"line":78,"column":75}}]},"18":{"line":79,"type":"binary-expr","locations":[{"start":{"line":79,"column":28},"end":{"line":79,"column":36}},{"start":{"line":79,"column":38},"end":{"line":79,"column":41}}]},"19":{"line":81,"type":"if","locations":[{"start":{"line":81,"column":12},"end":{"line":81,"column":12}},{"start":{"line":81,"column":12},"end":{"line":81,"column":12}}]},"20":{"line":82,"type":"binary-expr","locations":[{"start":{"line":82,"column":58},"end":{"line":82,"column":66}},{"start":{"line":82,"column":68},"end":{"line":82,"column":71}}]},"21":{"line":113,"type":"if","locations":[{"start":{"line":113,"column":2},"end":{"line":113,"column":2}},{"start":{"line":113,"column":2},"end":{"line":113,"column":2}}]},"22":{"line":116,"type":"if","locations":[{"start":{"line":116,"column":2},"end":{"line":116,"column":2}},{"start":{"line":116,"column":2},"end":{"line":116,"column":2}}]},"23":{"line":119,"type":"if","locations":[{"start":{"line":119,"column":2},"end":{"line":119,"column":2}},{"start":{"line":119,"column":2},"end":{"line":119,"column":2}}]},"24":{"line":135,"type":"if","locations":[{"start":{"line":135,"column":2},"end":{"line":135,"column":2}},{"start":{"line":135,"column":2},"end":{"line":135,"column":2}}]},"25":{"line":138,"type":"cond-expr","locations":[{"start":{"line":139,"column":6},"end":{"line":139,"column":19}},{"start":{"line":140,"column":6},"end":{"line":140,"column":50}}]},"26":{"line":166,"type":"binary-expr","locations":[{"start":{"line":166,"column":9},"end":{"line":166,"column":20}},{"start":{"line":166,"column":25},"end":{"line":176,"column":15}}]},"27":{"line":167,"type":"binary-expr","locations":[{"start":{"line":167,"column":11},"end":{"line":167,"column":19}},{"start":{"line":167,"column":23},"end":{"line":167,"column":26}}]},"28":{"line":173,"type":"cond-expr","locations":[{"start":{"line":174,"column":10},"end":{"line":174,"column":48}},{"start":{"line":175,"column":10},"end":{"line":175,"column":14}}]},"29":{"line":199,"type":"if","locations":[{"start":{"line":199,"column":2},"end":{"line":199,"column":2}},{"start":{"line":199,"column":2},"end":{"line":199,"column":2}}]},"30":{"line":203,"type":"if","locations":[{"start":{"line":203,"column":2},"end":{"line":203,"column":2}},{"start":{"line":203,"column":2},"end":{"line":203,"column":2}}]},"31":{"line":208,"type":"if","locations":[{"start":{"line":208,"column":2},"end":{"line":208,"column":2}},{"start":{"line":208,"column":2},"end":{"line":208,"column":2}}]},"32":{"line":212,"type":"if","locations":[{"start":{"line":212,"column":2},"end":{"line":212,"column":2}},{"start":{"line":212,"column":2},"end":{"line":212,"column":2}}]},"33":{"line":217,"type":"if","locations":[{"start":{"line":217,"column":2},"end":{"line":217,"column":2}},{"start":{"line":217,"column":2},"end":{"line":217,"column":2}}]},"34":{"line":221,"type":"if","locations":[{"start":{"line":221,"column":2},"end":{"line":221,"column":2}},{"start":{"line":221,"column":2},"end":{"line":221,"column":2}}]},"35":{"line":257,"type":"if","locations":[{"start":{"line":257,"column":2},"end":{"line":257,"column":2}},{"start":{"line":257,"column":2},"end":{"line":257,"column":2}}]},"36":{"line":259,"type":"if","locations":[{"start":{"line":259,"column":4},"end":{"line":259,"column":4}},{"start":{"line":259,"column":4},"end":{"line":259,"column":4}}]},"37":{"line":262,"type":"if","locations":[{"start":{"line":262,"column":11},"end":{"line":262,"column":11}},{"start":{"line":262,"column":11},"end":{"line":262,"column":11}}]},"38":{"line":268,"type":"if","locations":[{"start":{"line":268,"column":4},"end":{"line":268,"column":4}},{"start":{"line":268,"column":4},"end":{"line":268,"column":4}}]},"39":{"line":274,"type":"if","locations":[{"start":{"line":274,"column":4},"end":{"line":274,"column":4}},{"start":{"line":274,"column":4},"end":{"line":274,"column":4}}]},"40":{"line":277,"type":"if","locations":[{"start":{"line":277,"column":11},"end":{"line":277,"column":11}},{"start":{"line":277,"column":11},"end":{"line":277,"column":11}}]},"41":{"line":286,"type":"if","locations":[{"start":{"line":286,"column":2},"end":{"line":286,"column":2}},{"start":{"line":286,"column":2},"end":{"line":286,"column":2}}]},"42":{"line":291,"type":"binary-expr","locations":[{"start":{"line":291,"column":17},"end":{"line":291,"column":27}},{"start":{"line":291,"column":31},"end":{"line":291,"column":49}}]},"43":{"line":295,"type":"binary-expr","locations":[{"start":{"line":295,"column":17},"end":{"line":295,"column":27}},{"start":{"line":295,"column":31},"end":{"line":295,"column":53}}]},"44":{"line":301,"type":"binary-expr","locations":[{"start":{"line":301,"column":9},"end":{"line":301,"column":19}},{"start":{"line":301,"column":23},"end":{"line":301,"column":46}}]},"45":{"line":304,"type":"binary-expr","locations":[{"start":{"line":304,"column":13},"end":{"line":304,"column":34}},{"start":{"line":304,"column":38},"end":{"line":304,"column":62}}]},"46":{"line":305,"type":"binary-expr","locations":[{"start":{"line":305,"column":12},"end":{"line":305,"column":25}},{"start":{"line":305,"column":29},"end":{"line":305,"column":71}}]},"47":{"line":305,"type":"binary-expr","locations":[{"start":{"line":305,"column":36},"end":{"line":305,"column":63}},{"start":{"line":305,"column":65},"end":{"line":305,"column":70}}]},"48":{"line":316,"type":"if","locations":[{"start":{"line":316,"column":4},"end":{"line":316,"column":4}},{"start":{"line":316,"column":4},"end":{"line":316,"column":4}}]},"49":{"line":317,"type":"if","locations":[{"start":{"line":317,"column":6},"end":{"line":317,"column":6}},{"start":{"line":317,"column":6},"end":{"line":317,"column":6}}]},"50":{"line":319,"type":"if","locations":[{"start":{"line":319,"column":13},"end":{"line":319,"column":13}},{"start":{"line":319,"column":13},"end":{"line":319,"column":13}}]},"51":{"line":329,"type":"if","locations":[{"start":{"line":329,"column":2},"end":{"line":329,"column":2}},{"start":{"line":329,"column":2},"end":{"line":329,"column":2}}]},"52":{"line":336,"type":"if","locations":[{"start":{"line":336,"column":4},"end":{"line":336,"column":4}},{"start":{"line":336,"column":4},"end":{"line":336,"column":4}}]},"53":{"line":336,"type":"binary-expr","locations":[{"start":{"line":336,"column":8},"end":{"line":336,"column":30}},{"start":{"line":336,"column":34},"end":{"line":336,"column":59}}]}},"code":["var path = require('path')","  , fs = require('fs')","  , exists = fs.existsSync || path.existsSync","  , resolve = path.resolve","  , dirname = path.dirname","  , extname = path.extname","  , basename = path.basename;","","","/**"," * Express 3.x Layout & Partial support."," *"," * The beloved feature from Express 2.x is back as a middleware."," *"," * Example:"," *    "," *    var express = require('express')"," *      , partials = require('express-partials')"," *      , app = express();"," *    app.use(partials());"," *    // three ways to register a template engine:"," *    partials.register('coffee','coffeekup');"," *    partials.register('coffee',require('coffeekup'));"," *    partials.register('coffee',require('coffeekup').render);"," *    app.get('/',function(req,res,next){"," *      res.render('index.ejs') // renders layout.ejs with index.ejs as `body`."," *    })"," * "," * Options:"," *"," *    none"," *"," */","","module.exports = function(){","  return function(req,res,next){","    // res.partial(view,options) -> res.render() (ignores any layouts)","    res.partial = res.render;","","    // in template partial(view,options)","    res.locals.partial = partial.bind(res);","","    // layout support","    var _render = res.render.bind(res);","    res.render = function(name, options, fn){","      var layout = options && options.layout;","","      // default layout","      if( layout === true || layout === undefined ) {","        // Try to find default layout in view options, if not found, seek for 'layout'","        var viewOptions = res.app.get('view options');","        layout = viewOptions && viewOptions.defaultLayout || 'layout';","      }","      ","      // layout","      if( layout ){","        // first render normally","        _render(name, options, function(err, body){","          if( err )","            return fn ? fn(err) : req.next(err);","","          options = options || {};","          options.body = body;","","          // calculate the layout vars","          var ext = extname(name) || '.'+(res.app.get('view engine') || 'ejs');","          var root = req.app.get('views') || process.cwd() + '/views';","          var dir = dirname(layout) == '.' ? root : resolve(root,dirname(layout));","          var filename = dir+(path.sep||'/')+basename(layout,ext)+ext;","","          // See if we even have a layout to use","          // If so, render it. If not, then fallback to just the original template","          if (exists(filename)) {","            layout = dirname(lookup(dir, layout, ext))+(path.sep||'/')+basename(layout,ext)+ext;","            _render(layout, options, fn);","          } else {","            // layout may be in the same folder than the view","            dir = dirname(name) == '.' ? root : resolve(root,dirname(name));","            filename = dir+(path.sep||'/')+basename(layout,ext)+ext;","","            if(exists(filename)) {","              layout = dirname(lookup(dir, layout, ext))+(path.sep||'/')+basename(layout,ext)+ext;","              _render(layout, options, fn);","            } else {","              _render(name, options, fn);","            }","          }","        })","","      // no layout","      } else {","        _render(name, options, fn);","      }","    }","","    // done","    next();","  }","}","","/*** "," * Allow to register a specific rendering"," * function for a given extension."," * (Similar to Express 2.x register() function.)"," *"," * The second argument might be:"," *   a template module's name"," *   a module with a `render` method"," *   a synchronous `render` method"," */","","function register(ext,render){","  if(ext[0] != '.') {","    ext = '.' + ext;","  }","  if(typeof render == 'string') {","    render = require(render);","  }","  if(typeof render.render != 'undefined') {","    register[ext] = render.render;","  } else {","    register[ext] = render;","  }","};","","module.exports.register = register;","","/**"," * Automatically assign a render() function"," * from a module of the same name if none"," * has been registered."," */","","function renderer(ext){","  if(ext[0] !== '.'){","    ext = '.' + ext;","  }","  return register[ext] != null","    ? register[ext]","    : register[ext] = require(ext.slice(1)).render;","};","","module.exports.renderer = renderer;","","/**"," * Memory cache for resolved object names."," */","","var cache = {};","","/**"," * Resolve partial object name from the view path."," *"," * Examples:"," *"," *   \"user.ejs\" becomes \"user\""," *   \"forum thread.ejs\" becomes \"forumThread\""," *   \"forum/thread/post.ejs\" becomes \"post\""," *   \"blog-post.ejs\" becomes \"blogPost\""," *"," * @return {String}"," * @api private"," */","","function resolveObjectName(view){","  return cache[view] || (cache[view] = view","    .split(path.sep || '/')","    .slice(-1)[0]","    .split('.')[0]","    .replace(/^_/, '')","    .replace(/[^a-zA-Z0-9 ]+/g, ' ')","    .split(/ +/).map(function(word, i){","      return i","        ? word[0].toUpperCase() + word.substr(1)","        : word;","    }).join(''));","};","","/**"," * Lookup:"," *"," *   - partial `_<name>`"," *   - any `<name>/index`"," *   - non-layout `../<name>/index`"," *   - any `<root>/<name>`"," *   - partial `<root>/_<name>`"," *"," * @param {View} view"," * @return {String}"," * @api private"," */","","function lookup(root, view, ext){","  var name = resolveObjectName(view);","  var original = view;","","  // Try root ex: <root>/user.jade","  view = resolve(root, basename(original,ext)+ext);","  if( exists(view) ) return view;","","  // Try subdir ex: <root>/subdir/user.jade","  view = resolve(root, dirname(original), basename(original,ext)+ext);","  if( exists(view) ) return view;","","  // Try _ prefix ex: ./views/_<name>.jade","  // taking precedence over the direct path","  view = resolve(root,'_'+name+ext)","  if( exists(view) ) return view;","","  // Try index ex: ./views/user/index.jade","  view = resolve(root,name,'index'+ext);","  if( exists(view) ) return view;","","  // Try ../<name>/index ex: ../user/index.jade","  // when calling partial('user') within the same dir","  view = resolve(root,'..',name,'index'+ext);","  if( exists(view) ) return view;","","  // Try root ex: <root>/user.jade","  view = resolve(root,name+ext);","  if( exists(view) ) return view;","","  return null;","};","module.exports.lookup = lookup;","","/**"," * Render `view` partial with the given `options`. Optionally a"," * callback `fn(err, str)` may be passed instead of writing to"," * the socket."," *"," * Options:"," *"," *   - `object` Single object with name derived from the view (unless `as` is present)"," *"," *   - `as` Variable name for each `collection` value, defaults to the view name."," *     * as: 'something' will add the `something` local variable"," *     * as: this will use the collection value as the template context"," *     * as: global will merge the collection value's properties with `locals`"," *"," *   - `collection` Array of objects, the name is derived from the view name itself."," *     For example _video.html_ will have a object _video_ available to it."," *"," * @param  {String} view"," * @param  {Object|Array} options, collection or object"," * @return {String}"," * @api public"," */","","function partial(view, options){","  var collection","    , object","    , locals","    , name;","","  // parse options","  if( options ){","    // collection","    if( options.collection ){","      collection = options.collection;","      delete options.collection;","    } else if( 'length' in options ){","      collection = options;","      options = {};","    }","","    // locals","    if( options.locals ){","      locals = options.locals;","      delete options.locals;","    }","","    // object","    if( 'Object' != options.constructor.name ){","      object = options;","      options = {};","    } else if( options.object != undefined ){","      object = options.object;","      delete options.object;","    }","  } else {","    options = {};","  }","","  // merge locals into options","  if( locals )","    options.__proto__ = locals;","","  // merge app locals into ","  for(var k in this.app.locals)","    options[k] = options[k] || this.app.locals[k];","","  // merge locals, which as set using app.use(function(...){ res.locals = X; }) ","  for(var k in this.req.res.locals)","    options[k] = options[k] || this.req.res.locals[k];","","  // let partials render partials","  options.partial = partial.bind(this);","","  // extract object name from view","  name = options.as || resolveObjectName(view);","","  // find view","  var root = this.app.get('views') || process.cwd() + '/views'","    , ext = extname(view) || '.' + (this.app.get('view engine')||'ejs')","    , file = lookup(root, view, ext);","  ","  // read view","  var source = fs.readFileSync(file,'utf8');","","  // set filename option for renderer (Jade requires this for includes)","  options.filename = file;","","  // render partial","  function render(){","    if (object) {","      if ('string' == typeof name) {","        options[name] = object;","      } else if (name === global) {","        // wtf?","        // merge(options, object);","      }","    }","    options.locals = locals","    return renderer(ext)(source, options);","  }","","  // Collection support","  if (collection) {","    var len = collection.length","      , buf = ''","      , keys","      , key","      , val;","","    if ('number' == typeof len || Array.isArray(collection)) {","      options.collectionLength = len;","      for (var i = 0; i < len; ++i) {","        val = collection[i];","        options.firstInCollection = i == 0;","        options.indexInCollection = i;","        options.lastInCollection = i == len - 1;","        object = val;","        buf += render();","      }","    } else {","      keys = Object.keys(collection);","      len = keys.length;","      options.collectionLength = len;","      options.collectionKeys = keys;","      for (var i = 0; i < len; ++i) {","        key = keys[i];","        val = collection[key];","        options.keyInCollection = key;","        options.firstInCollection = i == 0;","        options.indexInCollection = i;","        options.lastInCollection = i == len - 1;","        object = val;","        buf += render();","      }","    }","","    return buf;","  } else {","    return render();","  }","}",""],"l":{"1":1,"35":1,"36":0,"38":0,"41":0,"44":0,"45":0,"46":0,"49":0,"51":0,"52":0,"56":0,"58":0,"59":0,"60":0,"62":0,"63":0,"66":0,"67":0,"68":0,"69":0,"73":0,"74":0,"75":0,"78":0,"79":0,"81":0,"82":0,"83":0,"85":0,"92":0,"97":0,"112":1,"113":0,"114":0,"116":0,"117":0,"119":0,"120":0,"122":0,"126":1,"134":1,"135":0,"136":0,"138":0,"143":1,"149":1,"165":1,"166":0,"173":0,"193":1,"194":0,"195":0,"198":0,"199":0,"202":0,"203":0,"207":0,"208":0,"211":0,"212":0,"216":0,"217":0,"220":0,"221":0,"223":0,"225":1,"250":1,"251":0,"257":0,"259":0,"260":0,"261":0,"262":0,"263":0,"264":0,"268":0,"269":0,"270":0,"274":0,"275":0,"276":0,"277":0,"278":0,"279":0,"282":0,"286":0,"287":0,"290":0,"291":0,"294":0,"295":0,"298":0,"301":0,"304":0,"309":0,"312":0,"315":1,"316":0,"317":0,"318":0,"319":0,"324":0,"325":0,"329":0,"330":0,"336":0,"337":0,"338":0,"339":0,"340":0,"341":0,"342":0,"343":0,"344":0,"347":0,"348":0,"349":0,"350":0,"351":0,"352":0,"353":0,"354":0,"355":0,"356":0,"357":0,"358":0,"359":0,"363":0,"365":0}}}